<?xml version="1.0" encoding="UTF-8"?>
<!-- Generated by org.testng.reporters.JUnitReportReporter -->
<testsuite skipped="0" hostname="LAPTOP-7KH0BKVJ" name="E.E2E.BrowsersTest" tests="1" failures="0" timestamp="28 Jul 2021 07:38:56 GMT" time="7.608" errors="0">
  <testcase name="ChromeBrowser" time="7.608" classname="E.E2E.BrowsersTest"/>
</testsuite> <!-- E.E2E.BrowsersTest -->
